
Showing logs for build [32mcb-kubecd-environment-pr-204-29-hs6vl-1[0m stage [32mfrom-build-pack[0m and container [32mstep-credential-initializer-q7x8b[0m
{"level":"info","ts":1587141141.8586118,"logger":"fallback-logger","caller":"logging/config.go:69","msg":"Fetch GitHub commit ID from kodata failed: open /var/run/ko/refs/heads/0.8.0-ns-support: no such file or directory"}
{"level":"info","ts":1587141141.8596034,"logger":"fallback-logger","caller":"creds-init/main.go:40","msg":"Credentials initialized."}

Showing logs for build [32mcb-kubecd-environment-pr-204-29-hs6vl-1[0m stage [32mfrom-build-pack[0m and container [32mstep-working-dir-initializer-brdfk[0m
{"level":"info","ts":1587141142.771759,"logger":"fallback-logger","caller":"logging/config.go:69","msg":"Fetch GitHub commit ID from kodata failed: open /var/run/ko/HEAD: no such file or directory"}
{"level":"info","ts":1587141142.773706,"logger":"fallback-logger","caller":"bash/main.go:64","msg":"Successfully executed command \"sh -c mkdir -p /workspace/source\"; output "}

Showing logs for build [32mcb-kubecd-environment-pr-204-29-hs6vl-1[0m stage [32mfrom-build-pack[0m and container [32mstep-place-tools[0m

Showing logs for build [32mcb-kubecd-environment-pr-204-29-hs6vl-1[0m stage [32mfrom-build-pack[0m and container [32mstep-git-source-cb-kubecd-environment-pr-204-29-hs6vl-sxnc7[0m
{"level":"info","ts":1587141147.9176009,"logger":"fallback-logger","caller":"logging/config.go:69","msg":"Fetch GitHub commit ID from kodata failed: open /var/run/ko/refs/heads/0.8.0-ns-support: no such file or directory"}
{"level":"info","ts":1587141148.9444518,"logger":"fallback-logger","caller":"git/git.go:103","msg":"Successfully cloned https://github.com/cb-kubecd/environment-pr-204-29-boot-gke-staging.git @ master in path /workspace/source"}

Showing logs for build [32mcb-kubecd-environment-pr-204-29-hs6vl-1[0m stage [32mfrom-build-pack[0m and container [32mstep-git-merge[0m
Using SHAs from PULL_REFS=master:e93f6c4dfc5dbbbfde31f00356ebefd7d08b5841,1:1621d7f32051e2772ce6bb484196116a650083cf
DEBUG: LC_ALL=C JX_LOG_LEVEL=error git fetch origin --unshallow 1621d7f32051e2772ce6bb484196116a650083cf: e93f6c4dfc5dbbbfde31f00356ebefd7d08b5841:
DEBUG: ran git fetch --unshallow origin 1621d7f32051e2772ce6bb484196116a650083cf: e93f6c4dfc5dbbbfde31f00356ebefd7d08b5841: in 
DEBUG: LC_ALL=C JX_LOG_LEVEL=error git branch
DEBUG: JX_LOG_LEVEL=error LC_ALL=C git checkout master
DEBUG: ran git checkout master in 
DEBUG: LC_ALL=C JX_LOG_LEVEL=error git reset --hard e93f6c4dfc5dbbbfde31f00356ebefd7d08b5841
DEBUG: ran git reset --hard e93f6c4dfc5dbbbfde31f00356ebefd7d08b5841 in 
DEBUG: LC_ALL=C JX_LOG_LEVEL=error git clean -fd .
DEBUG: ran clean --force -d . in 
DEBUG: JX_LOG_LEVEL=error LC_ALL=C git merge 1621d7f32051e2772ce6bb484196116a650083cf
DEBUG: ran git merge 1621d7f32051e2772ce6bb484196116a650083cf in 
DEBUG: LC_ALL=C JX_LOG_LEVEL=error git log --format=%H%x1f%an%x1f%ae%x1f%cn%x1f%ce%x1f%s%n%b%x1e e93f6c4dfc5dbbbfde31f00356ebefd7d08b5841..HEAD
Merged SHA 1621d7f32051e2772ce6bb484196116a650083cf with commit message 'chore: Promote bdd-spring-1587140794 to version 0.0.1' into base branch master

Showing logs for build [32mcb-kubecd-environment-pr-204-29-hs6vl-1[0m stage [32mfrom-build-pack[0m and container [32mstep-build-helm-build[0m
WARNING: No $CHART_REPOSITORY defined so using the default value of: http://jenkins-x-chartmuseum:8080
Adding missing Helm repo: storage.googleapis.com https://storage.googleapis.com/chartmuseum.jenkins-x.io
WARNING: No secrets found on "helm/repos" due: reading the secret "helm/repos" from vault: no secret "helm/repos" not found in vault
Read credentials for https://storage.googleapis.com/chartmuseum.jenkins-x.io from vault helm/repos
Successfully added Helm repository storage.googleapis.com.
Adding missing Helm repo: jenkins-x-chartmuseum http://jenkins-x-chartmuseum:8080
WARNING: No secrets found on "helm/repos" due: reading the secret "helm/repos" from vault: no secret "helm/repos" not found in vault
Read credentials for http://jenkins-x-chartmuseum:8080 from vault helm/repos
Successfully added Helm repository jenkins-x-chartmuseum.
WARNING: No $CHART_REPOSITORY defined so using the default value of: http://jenkins-x-chartmuseum:8080
Adding missing Helm repo: chartmuseum.jenkins-x.io http://chartmuseum.jenkins-x.io
WARNING: No secrets found on "helm/repos" due: reading the secret "helm/repos" from vault: no secret "helm/repos" not found in vault
Read credentials for http://chartmuseum.jenkins-x.io from vault helm/repos
Successfully added Helm repository chartmuseum.jenkins-x.io.
