
Showing logs for build [32mcb-kubecd-environment-pr-204-29-rvwv4-1[0m stage [32mfrom-build-pack[0m and container [32mstep-credential-initializer-fkkjx[0m
{"level":"info","ts":1587142208.6922178,"logger":"fallback-logger","caller":"logging/config.go:69","msg":"Fetch GitHub commit ID from kodata failed: open /var/run/ko/refs/heads/0.8.0-ns-support: no such file or directory"}
{"level":"info","ts":1587142208.6940699,"logger":"fallback-logger","caller":"creds-init/main.go:40","msg":"Credentials initialized."}

Showing logs for build [32mcb-kubecd-environment-pr-204-29-rvwv4-1[0m stage [32mfrom-build-pack[0m and container [32mstep-working-dir-initializer-6qgxv[0m
{"level":"info","ts":1587142209.598777,"logger":"fallback-logger","caller":"logging/config.go:69","msg":"Fetch GitHub commit ID from kodata failed: open /var/run/ko/HEAD: no such file or directory"}
{"level":"info","ts":1587142209.605545,"logger":"fallback-logger","caller":"bash/main.go:64","msg":"Successfully executed command \"sh -c mkdir -p /workspace/source\"; output "}

Showing logs for build [32mcb-kubecd-environment-pr-204-29-rvwv4-1[0m stage [32mfrom-build-pack[0m and container [32mstep-place-tools[0m

Showing logs for build [32mcb-kubecd-environment-pr-204-29-rvwv4-1[0m stage [32mfrom-build-pack[0m and container [32mstep-git-source-cb-kubecd-environment-pr-204-29-rvwv4-4gcfb[0m
{"level":"info","ts":1587142214.8450599,"logger":"fallback-logger","caller":"logging/config.go:69","msg":"Fetch GitHub commit ID from kodata failed: open /var/run/ko/refs/heads/0.8.0-ns-support: no such file or directory"}
{"level":"info","ts":1587142215.94244,"logger":"fallback-logger","caller":"git/git.go:103","msg":"Successfully cloned https://github.com/cb-kubecd/environment-pr-204-29-boot-gke-staging.git @ master in path /workspace/source"}

Showing logs for build [32mcb-kubecd-environment-pr-204-29-rvwv4-1[0m stage [32mfrom-build-pack[0m and container [32mstep-git-merge[0m
Using SHAs from PULL_REFS=master:bac7531df7f1322de589c2790d67da6d77909ae8,2:9ed4cb629c62843d73c253d708be6a02c8be536f
DEBUG: LC_ALL=C JX_LOG_LEVEL=error git fetch origin --unshallow 9ed4cb629c62843d73c253d708be6a02c8be536f: bac7531df7f1322de589c2790d67da6d77909ae8:
DEBUG: ran git fetch --unshallow origin 9ed4cb629c62843d73c253d708be6a02c8be536f: bac7531df7f1322de589c2790d67da6d77909ae8: in 
DEBUG: LC_ALL=C JX_LOG_LEVEL=error git branch
DEBUG: LC_ALL=C JX_LOG_LEVEL=error git checkout master
DEBUG: ran git checkout master in 
DEBUG: LC_ALL=C JX_LOG_LEVEL=error git reset --hard bac7531df7f1322de589c2790d67da6d77909ae8
DEBUG: ran git reset --hard bac7531df7f1322de589c2790d67da6d77909ae8 in 
DEBUG: LC_ALL=C JX_LOG_LEVEL=error git clean -fd .
DEBUG: ran clean --force -d . in 
DEBUG: LC_ALL=C JX_LOG_LEVEL=error git merge 9ed4cb629c62843d73c253d708be6a02c8be536f
DEBUG: ran git merge 9ed4cb629c62843d73c253d708be6a02c8be536f in 
DEBUG: LC_ALL=C JX_LOG_LEVEL=error git log --format=%H%x1f%an%x1f%ae%x1f%cn%x1f%ce%x1f%s%n%b%x1e bac7531df7f1322de589c2790d67da6d77909ae8..HEAD
Merged SHA 9ed4cb629c62843d73c253d708be6a02c8be536f with commit message 'chore: Promote bdd-gh-1587141874 to version 0.0.1' into base branch master

Showing logs for build [32mcb-kubecd-environment-pr-204-29-rvwv4-1[0m stage [32mfrom-build-pack[0m and container [32mstep-build-helm-build[0m
WARNING: No $CHART_REPOSITORY defined so using the default value of: http://jenkins-x-chartmuseum:8080
Adding missing Helm repo: storage.googleapis.com https://storage.googleapis.com/chartmuseum.jenkins-x.io
WARNING: No secrets found on "helm/repos" due: reading the secret "helm/repos" from vault: no secret "helm/repos" not found in vault
Read credentials for https://storage.googleapis.com/chartmuseum.jenkins-x.io from vault helm/repos
Successfully added Helm repository storage.googleapis.com.
Adding missing Helm repo: jenkins-x-chartmuseum http://jenkins-x-chartmuseum:8080
WARNING: No secrets found on "helm/repos" due: reading the secret "helm/repos" from vault: no secret "helm/repos" not found in vault
Read credentials for http://jenkins-x-chartmuseum:8080 from vault helm/repos
Successfully added Helm repository jenkins-x-chartmuseum.
WARNING: No $CHART_REPOSITORY defined so using the default value of: http://jenkins-x-chartmuseum:8080
Adding missing Helm repo: chartmuseum.jenkins-x.io http://chartmuseum.jenkins-x.io
WARNING: No secrets found on "helm/repos" due: reading the secret "helm/repos" from vault: no secret "helm/repos" not found in vault
Read credentials for http://chartmuseum.jenkins-x.io from vault helm/repos
Successfully added Helm repository chartmuseum.jenkins-x.io.
