
Showing logs for build [32mcb-kubecd-environment-pr-204-29-zbg6j-1[0m stage [32mfrom-build-pack[0m and container [32mstep-credential-initializer-5g9dq[0m
{"level":"info","ts":1587143394.9569771,"logger":"fallback-logger","caller":"logging/config.go:69","msg":"Fetch GitHub commit ID from kodata failed: open /var/run/ko/refs/heads/0.8.0-ns-support: no such file or directory"}
{"level":"info","ts":1587143394.9575317,"logger":"fallback-logger","caller":"creds-init/main.go:40","msg":"Credentials initialized."}

Showing logs for build [32mcb-kubecd-environment-pr-204-29-zbg6j-1[0m stage [32mfrom-build-pack[0m and container [32mstep-working-dir-initializer-6bjbs[0m
{"level":"info","ts":1587143396.3421335,"logger":"fallback-logger","caller":"logging/config.go:69","msg":"Fetch GitHub commit ID from kodata failed: open /var/run/ko/HEAD: no such file or directory"}
{"level":"info","ts":1587143396.3436306,"logger":"fallback-logger","caller":"bash/main.go:64","msg":"Successfully executed command \"sh -c mkdir -p /workspace/source\"; output "}

Showing logs for build [32mcb-kubecd-environment-pr-204-29-zbg6j-1[0m stage [32mfrom-build-pack[0m and container [32mstep-place-tools[0m

Showing logs for build [32mcb-kubecd-environment-pr-204-29-zbg6j-1[0m stage [32mfrom-build-pack[0m and container [32mstep-git-source-cb-kubecd-environment-pr-204-29-zbg6j-6kprp[0m
{"level":"info","ts":1587143399.512879,"logger":"fallback-logger","caller":"logging/config.go:69","msg":"Fetch GitHub commit ID from kodata failed: open /var/run/ko/refs/heads/0.8.0-ns-support: no such file or directory"}
{"level":"info","ts":1587143400.6448545,"logger":"fallback-logger","caller":"git/git.go:103","msg":"Successfully cloned https://github.com/cb-kubecd/environment-pr-204-29-boot-gke-staging.git @ master in path /workspace/source"}

Showing logs for build [32mcb-kubecd-environment-pr-204-29-zbg6j-1[0m stage [32mfrom-build-pack[0m and container [32mstep-git-merge[0m
Using SHAs from PULL_REFS=master:547e703437d4bcd2f0e79459991f6ca2a4642a7c,3:ac0a79b05212db2b4a4cc39fb3ad9832ebe8b38e
DEBUG: LC_ALL=C JX_LOG_LEVEL=error git fetch origin --unshallow ac0a79b05212db2b4a4cc39fb3ad9832ebe8b38e: 547e703437d4bcd2f0e79459991f6ca2a4642a7c:
DEBUG: ran git fetch --unshallow origin ac0a79b05212db2b4a4cc39fb3ad9832ebe8b38e: 547e703437d4bcd2f0e79459991f6ca2a4642a7c: in 
DEBUG: LC_ALL=C JX_LOG_LEVEL=error git branch
DEBUG: LC_ALL=C JX_LOG_LEVEL=error git checkout master
DEBUG: ran git checkout master in 
DEBUG: JX_LOG_LEVEL=error LC_ALL=C git reset --hard 547e703437d4bcd2f0e79459991f6ca2a4642a7c
DEBUG: ran git reset --hard 547e703437d4bcd2f0e79459991f6ca2a4642a7c in 
DEBUG: LC_ALL=C JX_LOG_LEVEL=error git clean -fd .
DEBUG: ran clean --force -d . in 
DEBUG: LC_ALL=C JX_LOG_LEVEL=error git merge ac0a79b05212db2b4a4cc39fb3ad9832ebe8b38e
DEBUG: ran git merge ac0a79b05212db2b4a4cc39fb3ad9832ebe8b38e in 
DEBUG: LC_ALL=C JX_LOG_LEVEL=error git log --format=%H%x1f%an%x1f%ae%x1f%cn%x1f%ce%x1f%s%n%b%x1e 547e703437d4bcd2f0e79459991f6ca2a4642a7c..HEAD
Merged SHA ac0a79b05212db2b4a4cc39fb3ad9832ebe8b38e with commit message 'chore: Promote bdd-nh-1587141874 to version 0.0.1' into base branch master

Showing logs for build [32mcb-kubecd-environment-pr-204-29-zbg6j-1[0m stage [32mfrom-build-pack[0m and container [32mstep-build-helm-build[0m
WARNING: No $CHART_REPOSITORY defined so using the default value of: http://jenkins-x-chartmuseum:8080
Adding missing Helm repo: storage.googleapis.com https://storage.googleapis.com/chartmuseum.jenkins-x.io
WARNING: No secrets found on "helm/repos" due: reading the secret "helm/repos" from vault: no secret "helm/repos" not found in vault
Read credentials for https://storage.googleapis.com/chartmuseum.jenkins-x.io from vault helm/repos
Successfully added Helm repository storage.googleapis.com.
Adding missing Helm repo: jenkins-x-chartmuseum http://jenkins-x-chartmuseum:8080
WARNING: No secrets found on "helm/repos" due: reading the secret "helm/repos" from vault: no secret "helm/repos" not found in vault
Read credentials for http://jenkins-x-chartmuseum:8080 from vault helm/repos
Successfully added Helm repository jenkins-x-chartmuseum.
WARNING: No $CHART_REPOSITORY defined so using the default value of: http://jenkins-x-chartmuseum:8080
Adding missing Helm repo: chartmuseum.jenkins-x.io http://chartmuseum.jenkins-x.io
WARNING: No secrets found on "helm/repos" due: reading the secret "helm/repos" from vault: no secret "helm/repos" not found in vault
Read credentials for http://chartmuseum.jenkins-x.io from vault helm/repos
Successfully added Helm repository chartmuseum.jenkins-x.io.
